<?xml version="1.0" encoding="UTF-8"?>
<!-- Generated by org.testng.reporters.JUnitXMLReporter -->
<testsuite ignored="0" hostname="ubuntu22" failures="0" tests="3" name="Scenario Test" time="0.011" errors="0" timestamp="2022-07-25T17:56:58 IST">
  <testcase classname="com.testng.itestcontext.DataProviderParameters" name="commonscenario" time="0.002"/>
  <testcase classname="com.testng.itestcontext.DataProviderParameters" name="scenario1" time="0.001"/>
  <testcase classname="com.testng.itestcontext.DataProviderParameters" name="scenario2" time="0.001"/>
</testsuite> <!-- Scenario Test -->
